# JRE version: OpenJDK Runtime Environment Temurin-21.0.8+9 (21.0.8+9) (build 21.0.8+9-LTS)
# Java VM: OpenJDK 64-Bit Server VM Temurin-21.0.8+9 (21.0.8+9-LTS, mixed mode, sharing, tiered, compressed oops, compressed class ptrs, parallel gc, windows-amd64)
GC Precious Log:
 CardTable entry size: 512
 CPUs: 12 total, 12 available
 Memory: 7916M
 Large Page Support: Disabled
 NUMA Support: Disabled
 Compressed Oops: Enabled (32-bit)
 Alignments: Space 512K, Generation 512K, Heap 2M
 Heap Min Capacity: 100M
 Heap Initial Capacity: 100M
 Heap Max Capacity: 2G
 Pre-touch: Disabled
 Parallel Workers: 10
Heap:
 PSYoungGen      total 20992K, used 20418K [0x00000000d5580000, 0x00000000d7400000, 0x0000000100000000)
  eden space 19456K, 97% used [0x00000000d5580000,0x00000000d67f1020,0x00000000d6880000)
  from space 1536K, 99% used [0x00000000d6d00000,0x00000000d6e7fba0,0x00000000d6e80000)
  to   space 4608K, 0% used [0x00000000d6880000,0x00000000d6880000,0x00000000d6d00000)
 ParOldGen       total 68608K, used 67640K [0x0000000080000000, 0x0000000084300000, 0x00000000d5580000)
  object space 68608K, 98% used [0x0000000080000000,0x000000008420e1e8,0x0000000084300000)
 Metaspace       used 69017K, committed 70464K, reserved 1114112K
  class space    used 8049K, committed 8704K, reserved 1048576K
GC Heap History (20 events):
Event: 79.156 GC heap before
{Heap before GC invocations=34 (full 3):
 PSYoungGen      total 23552K, used 23522K [0x00000000d5580000, 0x00000000d7300000, 0x0000000100000000)
  eden space 22016K, 100% used [0x00000000d5580000,0x00000000d6b00000,0x00000000d6b00000)
  from space 1536K, 98% used [0x00000000d7100000,0x00000000d7278800,0x00000000d7280000)
  to   space 4096K, 0% used [0x00000000d6b00000,0x00000000d6b00000,0x00000000d6f00000)
 ParOldGen       total 68608K, used 51347K [0x0000000080000000, 0x0000000084300000, 0x00000000d5580000)
  object space 68608K, 74% used [0x0000000080000000,0x0000000083224ca0,0x0000000084300000)
 Metaspace       used 60269K, committed 61632K, reserved 1114112K
  class space    used 7124K, committed 7744K, reserved 1048576K
}
Event: 79.167 GC heap after
{Heap after GC invocations=34 (full 3):
 PSYoungGen      total 24576K, used 2048K [0x00000000d5580000, 0x00000000d7180000, 0x0000000100000000)
  eden space 22016K, 0% used [0x00000000d5580000,0x00000000d5580000,0x00000000d6b00000)
  from space 2560K, 80% used [0x00000000d6b00000,0x00000000d6d00020,0x00000000d6d80000)
  to   space 3072K, 0% used [0x00000000d6e80000,0x00000000d6e80000,0x00000000d7180000)
 ParOldGen       total 68608K, used 52892K [0x0000000080000000, 0x0000000084300000, 0x00000000d5580000)
  object space 68608K, 77% used [0x0000000080000000,0x00000000833a7030,0x0000000084300000)
 Metaspace       used 60269K, committed 61632K, reserved 1114112K
  class space    used 7124K, committed 7744K, reserved 1048576K
}
Event: 79.367 GC heap before
{Heap before GC invocations=35 (full 3):
 PSYoungGen      total 24576K, used 24064K [0x00000000d5580000, 0x00000000d7180000, 0x0000000100000000)
  eden space 22016K, 100% used [0x00000000d5580000,0x00000000d6b00000,0x00000000d6b00000)
  from space 2560K, 80% used [0x00000000d6b00000,0x00000000d6d00020,0x00000000d6d80000)
  to   space 3072K, 0% used [0x00000000d6e80000,0x00000000d6e80000,0x00000000d7180000)
 ParOldGen       total 68608K, used 52892K [0x0000000080000000, 0x0000000084300000, 0x00000000d5580000)
  object space 68608K, 77% used [0x0000000080000000,0x00000000833a7030,0x0000000084300000)
 Metaspace       used 60594K, committed 62080K, reserved 1114112K
  class space    used 7155K, committed 7808K, reserved 1048576K
}
Event: 79.370 GC heap after
{Heap after GC invocations=35 (full 3):
 PSYoungGen      total 24576K, used 2080K [0x00000000d5580000, 0x00000000d7100000, 0x0000000100000000)
  eden space 22016K, 0% used [0x00000000d5580000,0x00000000d5580000,0x00000000d6b00000)
  from space 2560K, 81% used [0x00000000d6e80000,0x00000000d7088000,0x00000000d7100000)
  to   space 2560K, 0% used [0x00000000d6b00000,0x00000000d6b00000,0x00000000d6d80000)
 ParOldGen       total 68608K, used 54784K [0x0000000080000000, 0x0000000084300000, 0x00000000d5580000)
  object space 68608K, 79% used [0x0000000080000000,0x0000000083580128,0x0000000084300000)
 Metaspace       used 60594K, committed 62080K, reserved 1114112K
  class space    used 7155K, committed 7808K, reserved 1048576K
}
Event: 79.604 GC heap before
{Heap before GC invocations=36 (full 3):
 PSYoungGen      total 24576K, used 23944K [0x00000000d5580000, 0x00000000d7100000, 0x0000000100000000)
  eden space 22016K, 99% used [0x00000000d5580000,0x00000000d6ada2b0,0x00000000d6b00000)
  from space 2560K, 81% used [0x00000000d6e80000,0x00000000d7088000,0x00000000d7100000)
  to   space 2560K, 0% used [0x00000000d6b00000,0x00000000d6b00000,0x00000000d6d80000)
 ParOldGen       total 68608K, used 54784K [0x0000000080000000, 0x0000000084300000, 0x00000000d5580000)
  object space 68608K, 79% used [0x0000000080000000,0x0000000083580128,0x0000000084300000)
 Metaspace       used 60749K, committed 62208K, reserved 1114112K
  class space    used 7173K, committed 7808K, reserved 1048576K
}
Event: 79.610 GC heap after
{Heap after GC invocations=36 (full 3):
 PSYoungGen      total 24576K, used 2553K [0x00000000d5580000, 0x00000000d7500000, 0x0000000100000000)
  eden space 22016K, 0% used [0x00000000d5580000,0x00000000d5580000,0x00000000d6b00000)
  from space 2560K, 99% used [0x00000000d6b00000,0x00000000d6d7e610,0x00000000d6d80000)
  to   space 5120K, 0% used [0x00000000d7000000,0x00000000d7000000,0x00000000d7500000)
 ParOldGen       total 68608K, used 56734K [0x0000000080000000, 0x0000000084300000, 0x00000000d5580000)
  object space 68608K, 82% used [0x0000000080000000,0x0000000083767ad0,0x0000000084300000)
 Metaspace       used 60749K, committed 62208K, reserved 1114112K
  class space    used 7173K, committed 7808K, reserved 1048576K
}
Event: 79.989 GC heap before
{Heap before GC invocations=37 (full 3):
 PSYoungGen      total 24576K, used 24569K [0x00000000d5580000, 0x00000000d7500000, 0x0000000100000000)
  eden space 22016K, 100% used [0x00000000d5580000,0x00000000d6b00000,0x00000000d6b00000)
  from space 2560K, 99% used [0x00000000d6b00000,0x00000000d6d7e610,0x00000000d6d80000)
  to   space 5120K, 0% used [0x00000000d7000000,0x00000000d7000000,0x00000000d7500000)
 ParOldGen       total 68608K, used 56734K [0x0000000080000000, 0x0000000084300000, 0x00000000d5580000)
  object space 68608K, 82% used [0x0000000080000000,0x0000000083767ad0,0x0000000084300000)
 Metaspace       used 61055K, committed 62528K, reserved 1114112K
  class space    used 7214K, committed 7872K, reserved 1048576K
}
Event: 79.995 GC heap after
{Heap after GC invocations=37 (full 3):
 PSYoungGen      total 24576K, used 2048K [0x00000000d5580000, 0x00000000d7280000, 0x0000000100000000)
  eden space 22016K, 0% used [0x00000000d5580000,0x00000000d5580000,0x00000000d6b00000)
  from space 2560K, 80% used [0x00000000d7000000,0x00000000d7200010,0x00000000d7280000)
  to   space 3072K, 0% used [0x00000000d6c80000,0x00000000d6c80000,0x00000000d6f80000)
 ParOldGen       total 68608K, used 58662K [0x0000000080000000, 0x0000000084300000, 0x00000000d5580000)
  object space 68608K, 85% used [0x0000000080000000,0x0000000083949bd0,0x0000000084300000)
 Metaspace       used 61055K, committed 62528K, reserved 1114112K
  class space    used 7214K, committed 7872K, reserved 1048576K
}
Event: 80.311 GC heap before
{Heap before GC invocations=38 (full 3):
 PSYoungGen      total 24576K, used 24064K [0x00000000d5580000, 0x00000000d7280000, 0x0000000100000000)
  eden space 22016K, 100% used [0x00000000d5580000,0x00000000d6b00000,0x00000000d6b00000)
  from space 2560K, 80% used [0x00000000d7000000,0x00000000d7200010,0x00000000d7280000)
  to   space 3072K, 0% used [0x00000000d6c80000,0x00000000d6c80000,0x00000000d6f80000)
 ParOldGen       total 68608K, used 58662K [0x0000000080000000, 0x0000000084300000, 0x00000000d5580000)
  object space 68608K, 85% used [0x0000000080000000,0x0000000083949bd0,0x0000000084300000)
 Metaspace       used 61317K, committed 62720K, reserved 1114112K
  class space    used 7246K, committed 7872K, reserved 1048576K
}
Event: 80.320 GC heap after
{Heap after GC invocations=38 (full 3):
 PSYoungGen      total 24064K, used 1920K [0x00000000d5580000, 0x00000000d7080000, 0x0000000100000000)
  eden space 22016K, 0% used [0x00000000d5580000,0x00000000d5580000,0x00000000d6b00000)
  from space 2048K, 93% used [0x00000000d6c80000,0x00000000d6e60000,0x00000000d6e80000)
  to   space 2048K, 0% used [0x00000000d6e80000,0x00000000d6e80000,0x00000000d7080000)
 ParOldGen       total 68608K, used 60494K [0x0000000080000000, 0x0000000084300000, 0x00000000d5580000)
  object space 68608K, 88% used [0x0000000080000000,0x0000000083b13be0,0x0000000084300000)
 Metaspace       used 61317K, committed 62720K, reserved 1114112K
  class space    used 7246K, committed 7872K, reserved 1048576K
}
Event: 81.413 GC heap before
{Heap before GC invocations=39 (full 3):
 PSYoungGen      total 24064K, used 23936K [0x00000000d5580000, 0x00000000d7080000, 0x0000000100000000)
  eden space 22016K, 100% used [0x00000000d5580000,0x00000000d6b00000,0x00000000d6b00000)
  from space 2048K, 93% used [0x00000000d6c80000,0x00000000d6e60000,0x00000000d6e80000)
  to   space 2048K, 0% used [0x00000000d6e80000,0x00000000d6e80000,0x00000000d7080000)
 ParOldGen       total 68608K, used 60494K [0x0000000080000000, 0x0000000084300000, 0x00000000d5580000)
  object space 68608K, 88% used [0x0000000080000000,0x0000000083b13be0,0x0000000084300000)
 Metaspace       used 63139K, committed 64576K, reserved 1114112K
  class space    used 7476K, committed 8128K, reserved 1048576K
}
Event: 81.421 GC heap after
{Heap after GC invocations=39 (full 3):
 PSYoungGen      total 23552K, used 1301K [0x00000000d5580000, 0x00000000d7000000, 0x0000000100000000)
  eden space 22016K, 0% used [0x00000000d5580000,0x00000000d5580000,0x00000000d6b00000)
  from space 1536K, 84% used [0x00000000d6e80000,0x00000000d6fc5568,0x00000000d7000000)
  to   space 2048K, 0% used [0x00000000d6c00000,0x00000000d6c00000,0x00000000d6e00000)
 ParOldGen       total 68608K, used 62287K [0x0000000080000000, 0x0000000084300000, 0x00000000d5580000)
  object space 68608K, 90% used [0x0000000080000000,0x0000000083cd3e10,0x0000000084300000)
 Metaspace       used 63139K, committed 64576K, reserved 1114112K
  class space    used 7476K, committed 8128K, reserved 1048576K
}
Event: 82.874 GC heap before
{Heap before GC invocations=40 (full 3):
 PSYoungGen      total 23552K, used 23317K [0x00000000d5580000, 0x00000000d7000000, 0x0000000100000000)
  eden space 22016K, 100% used [0x00000000d5580000,0x00000000d6b00000,0x00000000d6b00000)
  from space 1536K, 84% used [0x00000000d6e80000,0x00000000d6fc5568,0x00000000d7000000)
  to   space 2048K, 0% used [0x00000000d6c00000,0x00000000d6c00000,0x00000000d6e00000)
 ParOldGen       total 68608K, used 62287K [0x0000000080000000, 0x0000000084300000, 0x00000000d5580000)
  object space 68608K, 90% used [0x0000000080000000,0x0000000083cd3e10,0x0000000084300000)
 Metaspace       used 64032K, committed 65408K, reserved 1114112K
  class space    used 7593K, committed 8192K, reserved 1048576K
}
Event: 82.877 GC heap after
{Heap after GC invocations=40 (full 3):
 PSYoungGen      total 24064K, used 464K [0x00000000d5580000, 0x00000000d6f00000, 0x0000000100000000)
  eden space 22016K, 0% used [0x00000000d5580000,0x00000000d5580000,0x00000000d6b00000)
  from space 2048K, 22% used [0x00000000d6c00000,0x00000000d6c74010,0x00000000d6e00000)
  to   space 1024K, 0% used [0x00000000d6e00000,0x00000000d6e00000,0x00000000d6f00000)
 ParOldGen       total 68608K, used 63412K [0x0000000080000000, 0x0000000084300000, 0x00000000d5580000)
  object space 68608K, 92% used [0x0000000080000000,0x0000000083ded0a8,0x0000000084300000)
 Metaspace       used 64032K, committed 65408K, reserved 1114112K
  class space    used 7593K, committed 8192K, reserved 1048576K
}
Event: 83.807 GC heap before
{Heap before GC invocations=41 (full 3):
 PSYoungGen      total 24064K, used 22480K [0x00000000d5580000, 0x00000000d6f00000, 0x0000000100000000)
  eden space 22016K, 100% used [0x00000000d5580000,0x00000000d6b00000,0x00000000d6b00000)
  from space 2048K, 22% used [0x00000000d6c00000,0x00000000d6c74010,0x00000000d6e00000)
  to   space 1024K, 0% used [0x00000000d6e00000,0x00000000d6e00000,0x00000000d6f00000)
 ParOldGen       total 68608K, used 63412K [0x0000000080000000, 0x0000000084300000, 0x00000000d5580000)
  object space 68608K, 92% used [0x0000000080000000,0x0000000083ded0a8,0x0000000084300000)
 Metaspace       used 65361K, committed 66752K, reserved 1114112K
  class space    used 7693K, committed 8320K, reserved 1048576K
}
Event: 83.811 GC heap after
{Heap after GC invocations=41 (full 3):
 PSYoungGen      total 23040K, used 993K [0x00000000d5580000, 0x00000000d7000000, 0x0000000100000000)
  eden space 22016K, 0% used [0x00000000d5580000,0x00000000d5580000,0x00000000d6b00000)
  from space 1024K, 97% used [0x00000000d6e00000,0x00000000d6ef8618,0x00000000d6f00000)
  to   space 2560K, 0% used [0x00000000d6b00000,0x00000000d6b00000,0x00000000d6d80000)
 ParOldGen       total 68608K, used 64603K [0x0000000080000000, 0x0000000084300000, 0x00000000d5580000)
  object space 68608K, 94% used [0x0000000080000000,0x0000000083f16f50,0x0000000084300000)
 Metaspace       used 65361K, committed 66752K, reserved 1114112K
  class space    used 7693K, committed 8320K, reserved 1048576K
}
Event: 84.127 GC heap before
{Heap before GC invocations=42 (full 3):
 PSYoungGen      total 23040K, used 22965K [0x00000000d5580000, 0x00000000d7000000, 0x0000000100000000)
  eden space 22016K, 99% used [0x00000000d5580000,0x00000000d6af4f70,0x00000000d6b00000)
  from space 1024K, 97% used [0x00000000d6e00000,0x00000000d6ef8618,0x00000000d6f00000)
  to   space 2560K, 0% used [0x00000000d6b00000,0x00000000d6b00000,0x00000000d6d80000)
 ParOldGen       total 68608K, used 64603K [0x0000000080000000, 0x0000000084300000, 0x00000000d5580000)
  object space 68608K, 94% used [0x0000000080000000,0x0000000083f16f50,0x0000000084300000)
 Metaspace       used 65379K, committed 66816K, reserved 1114112K
  class space    used 7693K, committed 8320K, reserved 1048576K
}
Event: 84.133 GC heap after
{Heap after GC invocations=42 (full 3):
 PSYoungGen      total 23040K, used 970K [0x00000000d5580000, 0x00000000d6e80000, 0x0000000100000000)
  eden space 22016K, 0% used [0x00000000d5580000,0x00000000d5580000,0x00000000d6b00000)
  from space 1024K, 94% used [0x00000000d6b00000,0x00000000d6bf2a40,0x00000000d6c00000)
  to   space 1536K, 0% used [0x00000000d6d00000,0x00000000d6d00000,0x00000000d6e80000)
 ParOldGen       total 68608K, used 65440K [0x0000000080000000, 0x0000000084300000, 0x00000000d5580000)
  object space 68608K, 95% used [0x0000000080000000,0x0000000083fe81e8,0x0000000084300000)
 Metaspace       used 65379K, committed 66816K, reserved 1114112K
  class space    used 7693K, committed 8320K, reserved 1048576K
}
Event: 86.624 GC heap before
{Heap before GC invocations=43 (full 3):
 PSYoungGen      total 23040K, used 22986K [0x00000000d5580000, 0x00000000d6e80000, 0x0000000100000000)
  eden space 22016K, 100% used [0x00000000d5580000,0x00000000d6b00000,0x00000000d6b00000)
  from space 1024K, 94% used [0x00000000d6b00000,0x00000000d6bf2a40,0x00000000d6c00000)
  to   space 1536K, 0% used [0x00000000d6d00000,0x00000000d6d00000,0x00000000d6e80000)
 ParOldGen       total 68608K, used 65440K [0x0000000080000000, 0x0000000084300000, 0x00000000d5580000)
  object space 68608K, 95% used [0x0000000080000000,0x0000000083fe81e8,0x0000000084300000)
 Metaspace       used 68049K, committed 69440K, reserved 1114112K
  class space    used 7943K, committed 8576K, reserved 1048576K
}
Event: 86.630 GC heap after
{Heap after GC invocations=43 (full 3):
 PSYoungGen      total 20992K, used 1534K [0x00000000d5580000, 0x00000000d7400000, 0x0000000100000000)
  eden space 19456K, 0% used [0x00000000d5580000,0x00000000d5580000,0x00000000d6880000)
  from space 1536K, 99% used [0x00000000d6d00000,0x00000000d6e7fba0,0x00000000d6e80000)
  to   space 4608K, 0% used [0x00000000d6880000,0x00000000d6880000,0x00000000d6d00000)
 ParOldGen       total 68608K, used 67640K [0x0000000080000000, 0x0000000084300000, 0x00000000d5580000)
  object space 68608K, 98% used [0x0000000080000000,0x000000008420e1e8,0x0000000084300000)
 Metaspace       used 68049K, committed 69440K, reserved 1114112K
  class space    used 7943K, committed 8576K, reserved 1048576K
}

