# JRE version: OpenJDK Runtime Environment Temurin-21.0.8+9 (21.0.8+9) (build 21.0.8+9-LTS)
# Java VM: OpenJDK 64-Bit Server VM Temurin-21.0.8+9 (21.0.8+9-LTS, mixed mode, sharing, tiered, compressed oops, compressed class ptrs, parallel gc, windows-amd64)
GC Precious Log:
 CardTable entry size: 512
 CPUs: 12 total, 12 available
 Memory: 7916M
 Large Page Support: Disabled
 NUMA Support: Disabled
 Compressed Oops: Enabled (32-bit)
 Alignments: Space 512K, Generation 512K, Heap 2M
 Heap Min Capacity: 100M
 Heap Initial Capacity: 100M
 Heap Max Capacity: 2G
 Pre-touch: Disabled
 Parallel Workers: 10
Heap:
 PSYoungGen      total 15360K, used 10897K [0x00000000d5580000, 0x00000000d6780000, 0x0000000100000000)
  eden space 14336K, 68% used [0x00000000d5580000,0x00000000d5f27e78,0x00000000d6380000)
  from space 1024K, 98% used [0x00000000d6380000,0x00000000d647c980,0x00000000d6480000)
  to   space 2048K, 0% used [0x00000000d6580000,0x00000000d6580000,0x00000000d6780000)
 ParOldGen       total 88576K, used 88473K [0x0000000080000000, 0x0000000085680000, 0x00000000d5580000)
  object space 88576K, 99% used [0x0000000080000000,0x00000000856666b8,0x0000000085680000)
 Metaspace       used 71012K, committed 72448K, reserved 1114112K
  class space    used 8234K, committed 8896K, reserved 1048576K
GC Heap History (20 events):
Event: 46.266 GC heap before
{Heap before GC invocations=103 (full 3):
 PSYoungGen      total 15360K, used 14720K [0x00000000d5580000, 0x00000000d6500000, 0x0000000100000000)
  eden space 14336K, 100% used [0x00000000d5580000,0x00000000d6380000,0x00000000d6380000)
  from space 1024K, 37% used [0x00000000d6380000,0x00000000d63e0000,0x00000000d6480000)
  to   space 512K, 0% used [0x00000000d6480000,0x00000000d6480000,0x00000000d6500000)
 ParOldGen       total 83968K, used 83515K [0x0000000080000000, 0x0000000085200000, 0x00000000d5580000)
  object space 83968K, 99% used [0x0000000080000000,0x000000008518ece8,0x0000000085200000)
 Metaspace       used 68810K, committed 70272K, reserved 1114112K
  class space    used 8004K, committed 8640K, reserved 1048576K
}
Event: 46.272 GC heap after
{Heap after GC invocations=103 (full 3):
 PSYoungGen      total 14848K, used 416K [0x00000000d5580000, 0x00000000d6500000, 0x0000000100000000)
  eden space 14336K, 0% used [0x00000000d5580000,0x00000000d5580000,0x00000000d6380000)
  from space 512K, 81% used [0x00000000d6480000,0x00000000d64e8000,0x00000000d6500000)
  to   space 512K, 0% used [0x00000000d6400000,0x00000000d6400000,0x00000000d6480000)
 ParOldGen       total 84992K, used 84507K [0x0000000080000000, 0x0000000085300000, 0x00000000d5580000)
  object space 84992K, 99% used [0x0000000080000000,0x0000000085286ce8,0x0000000085300000)
 Metaspace       used 68810K, committed 70272K, reserved 1114112K
  class space    used 8004K, committed 8640K, reserved 1048576K
}
Event: 46.354 GC heap before
{Heap before GC invocations=104 (full 3):
 PSYoungGen      total 14848K, used 14752K [0x00000000d5580000, 0x00000000d6500000, 0x0000000100000000)
  eden space 14336K, 100% used [0x00000000d5580000,0x00000000d6380000,0x00000000d6380000)
  from space 512K, 81% used [0x00000000d6480000,0x00000000d64e8000,0x00000000d6500000)
  to   space 512K, 0% used [0x00000000d6400000,0x00000000d6400000,0x00000000d6480000)
 ParOldGen       total 84992K, used 84507K [0x0000000080000000, 0x0000000085300000, 0x00000000d5580000)
  object space 84992K, 99% used [0x0000000080000000,0x0000000085286ce8,0x0000000085300000)
 Metaspace       used 68811K, committed 70272K, reserved 1114112K
  class space    used 8004K, committed 8640K, reserved 1048576K
}
Event: 46.357 GC heap after
{Heap after GC invocations=104 (full 3):
 PSYoungGen      total 14848K, used 448K [0x00000000d5580000, 0x00000000d6500000, 0x0000000100000000)
  eden space 14336K, 0% used [0x00000000d5580000,0x00000000d5580000,0x00000000d6380000)
  from space 512K, 87% used [0x00000000d6400000,0x00000000d6470000,0x00000000d6480000)
  to   space 512K, 0% used [0x00000000d6480000,0x00000000d6480000,0x00000000d6500000)
 ParOldGen       total 84992K, used 84763K [0x0000000080000000, 0x0000000085300000, 0x00000000d5580000)
  object space 84992K, 99% used [0x0000000080000000,0x00000000852c6ce8,0x0000000085300000)
 Metaspace       used 68811K, committed 70272K, reserved 1114112K
  class space    used 8004K, committed 8640K, reserved 1048576K
}
Event: 46.421 GC heap before
{Heap before GC invocations=105 (full 3):
 PSYoungGen      total 14848K, used 14784K [0x00000000d5580000, 0x00000000d6500000, 0x0000000100000000)
  eden space 14336K, 100% used [0x00000000d5580000,0x00000000d6380000,0x00000000d6380000)
  from space 512K, 87% used [0x00000000d6400000,0x00000000d6470000,0x00000000d6480000)
  to   space 512K, 0% used [0x00000000d6480000,0x00000000d6480000,0x00000000d6500000)
 ParOldGen       total 84992K, used 84763K [0x0000000080000000, 0x0000000085300000, 0x00000000d5580000)
  object space 84992K, 99% used [0x0000000080000000,0x00000000852c6ce8,0x0000000085300000)
 Metaspace       used 68812K, committed 70272K, reserved 1114112K
  class space    used 8004K, committed 8640K, reserved 1048576K
}
Event: 46.425 GC heap after
{Heap after GC invocations=105 (full 3):
 PSYoungGen      total 14848K, used 512K [0x00000000d5580000, 0x00000000d6580000, 0x0000000100000000)
  eden space 14336K, 0% used [0x00000000d5580000,0x00000000d5580000,0x00000000d6380000)
  from space 512K, 100% used [0x00000000d6480000,0x00000000d6500000,0x00000000d6500000)
  to   space 1024K, 0% used [0x00000000d6380000,0x00000000d6380000,0x00000000d6480000)
 ParOldGen       total 85504K, used 85115K [0x0000000080000000, 0x0000000085380000, 0x00000000d5580000)
  object space 85504K, 99% used [0x0000000080000000,0x000000008531ece8,0x0000000085380000)
 Metaspace       used 68812K, committed 70272K, reserved 1114112K
  class space    used 8004K, committed 8640K, reserved 1048576K
}
Event: 46.496 GC heap before
{Heap before GC invocations=106 (full 3):
 PSYoungGen      total 14848K, used 14848K [0x00000000d5580000, 0x00000000d6580000, 0x0000000100000000)
  eden space 14336K, 100% used [0x00000000d5580000,0x00000000d6380000,0x00000000d6380000)
  from space 512K, 100% used [0x00000000d6480000,0x00000000d6500000,0x00000000d6500000)
  to   space 1024K, 0% used [0x00000000d6380000,0x00000000d6380000,0x00000000d6480000)
 ParOldGen       total 85504K, used 85115K [0x0000000080000000, 0x0000000085380000, 0x00000000d5580000)
  object space 85504K, 99% used [0x0000000080000000,0x000000008531ece8,0x0000000085380000)
 Metaspace       used 68812K, committed 70272K, reserved 1114112K
  class space    used 8004K, committed 8640K, reserved 1048576K
}
Event: 46.499 GC heap after
{Heap after GC invocations=106 (full 3):
 PSYoungGen      total 15360K, used 640K [0x00000000d5580000, 0x00000000d6580000, 0x0000000100000000)
  eden space 14336K, 0% used [0x00000000d5580000,0x00000000d5580000,0x00000000d6380000)
  from space 1024K, 62% used [0x00000000d6380000,0x00000000d6420000,0x00000000d6480000)
  to   space 1024K, 0% used [0x00000000d6480000,0x00000000d6480000,0x00000000d6580000)
 ParOldGen       total 86016K, used 85667K [0x0000000080000000, 0x0000000085400000, 0x00000000d5580000)
  object space 86016K, 99% used [0x0000000080000000,0x00000000853a8cf8,0x0000000085400000)
 Metaspace       used 68812K, committed 70272K, reserved 1114112K
  class space    used 8004K, committed 8640K, reserved 1048576K
}
Event: 46.568 GC heap before
{Heap before GC invocations=107 (full 3):
 PSYoungGen      total 15360K, used 14976K [0x00000000d5580000, 0x00000000d6580000, 0x0000000100000000)
  eden space 14336K, 100% used [0x00000000d5580000,0x00000000d6380000,0x00000000d6380000)
  from space 1024K, 62% used [0x00000000d6380000,0x00000000d6420000,0x00000000d6480000)
  to   space 1024K, 0% used [0x00000000d6480000,0x00000000d6480000,0x00000000d6580000)
 ParOldGen       total 86016K, used 85667K [0x0000000080000000, 0x0000000085400000, 0x00000000d5580000)
  object space 86016K, 99% used [0x0000000080000000,0x00000000853a8cf8,0x0000000085400000)
 Metaspace       used 68812K, committed 70272K, reserved 1114112K
  class space    used 8004K, committed 8640K, reserved 1048576K
}
Event: 46.571 GC heap after
{Heap after GC invocations=107 (full 3):
 PSYoungGen      total 14848K, used 384K [0x00000000d5580000, 0x00000000d6500000, 0x0000000100000000)
  eden space 14336K, 0% used [0x00000000d5580000,0x00000000d5580000,0x00000000d6380000)
  from space 512K, 75% used [0x00000000d6480000,0x00000000d64e0000,0x00000000d6500000)
  to   space 512K, 0% used [0x00000000d6400000,0x00000000d6400000,0x00000000d6480000)
 ParOldGen       total 86528K, used 86168K [0x0000000080000000, 0x0000000085480000, 0x00000000d5580000)
  object space 86528K, 99% used [0x0000000080000000,0x0000000085426050,0x0000000085480000)
 Metaspace       used 68812K, committed 70272K, reserved 1114112K
  class space    used 8004K, committed 8640K, reserved 1048576K
}
Event: 46.686 GC heap before
{Heap before GC invocations=108 (full 3):
 PSYoungGen      total 14848K, used 14720K [0x00000000d5580000, 0x00000000d6500000, 0x0000000100000000)
  eden space 14336K, 100% used [0x00000000d5580000,0x00000000d6380000,0x00000000d6380000)
  from space 512K, 75% used [0x00000000d6480000,0x00000000d64e0000,0x00000000d6500000)
  to   space 512K, 0% used [0x00000000d6400000,0x00000000d6400000,0x00000000d6480000)
 ParOldGen       total 86528K, used 86168K [0x0000000080000000, 0x0000000085480000, 0x00000000d5580000)
  object space 86528K, 99% used [0x0000000080000000,0x0000000085426050,0x0000000085480000)
 Metaspace       used 68816K, committed 70272K, reserved 1114112K
  class space    used 8004K, committed 8640K, reserved 1048576K
}
Event: 46.691 GC heap after
{Heap after GC invocations=108 (full 3):
 PSYoungGen      total 14848K, used 482K [0x00000000d5580000, 0x00000000d6580000, 0x0000000100000000)
  eden space 14336K, 0% used [0x00000000d5580000,0x00000000d5580000,0x00000000d6380000)
  from space 512K, 94% used [0x00000000d6400000,0x00000000d6478bf0,0x00000000d6480000)
  to   space 1024K, 0% used [0x00000000d6480000,0x00000000d6480000,0x00000000d6580000)
 ParOldGen       total 86528K, used 86464K [0x0000000080000000, 0x0000000085480000, 0x00000000d5580000)
  object space 86528K, 99% used [0x0000000080000000,0x0000000085470050,0x0000000085480000)
 Metaspace       used 68816K, committed 70272K, reserved 1114112K
  class space    used 8004K, committed 8640K, reserved 1048576K
}
Event: 47.149 GC heap before
{Heap before GC invocations=109 (full 3):
 PSYoungGen      total 14848K, used 14818K [0x00000000d5580000, 0x00000000d6580000, 0x0000000100000000)
  eden space 14336K, 100% used [0x00000000d5580000,0x00000000d6380000,0x00000000d6380000)
  from space 512K, 94% used [0x00000000d6400000,0x00000000d6478bf0,0x00000000d6480000)
  to   space 1024K, 0% used [0x00000000d6480000,0x00000000d6480000,0x00000000d6580000)
 ParOldGen       total 86528K, used 86464K [0x0000000080000000, 0x0000000085480000, 0x00000000d5580000)
  object space 86528K, 99% used [0x0000000080000000,0x0000000085470050,0x0000000085480000)
 Metaspace       used 68818K, committed 70272K, reserved 1114112K
  class space    used 8004K, committed 8640K, reserved 1048576K
}
Event: 47.152 GC heap after
{Heap after GC invocations=109 (full 3):
 PSYoungGen      total 15360K, used 663K [0x00000000d5580000, 0x00000000d6580000, 0x0000000100000000)
  eden space 14336K, 0% used [0x00000000d5580000,0x00000000d5580000,0x00000000d6380000)
  from space 1024K, 64% used [0x00000000d6480000,0x00000000d6525f38,0x00000000d6580000)
  to   space 1024K, 0% used [0x00000000d6380000,0x00000000d6380000,0x00000000d6480000)
 ParOldGen       total 87040K, used 86889K [0x0000000080000000, 0x0000000085500000, 0x00000000d5580000)
  object space 87040K, 99% used [0x0000000080000000,0x00000000854da5a8,0x0000000085500000)
 Metaspace       used 68818K, committed 70272K, reserved 1114112K
  class space    used 8004K, committed 8640K, reserved 1048576K
}
Event: 49.909 GC heap before
{Heap before GC invocations=110 (full 3):
 PSYoungGen      total 15360K, used 14999K [0x00000000d5580000, 0x00000000d6580000, 0x0000000100000000)
  eden space 14336K, 100% used [0x00000000d5580000,0x00000000d6380000,0x00000000d6380000)
  from space 1024K, 64% used [0x00000000d6480000,0x00000000d6525f38,0x00000000d6580000)
  to   space 1024K, 0% used [0x00000000d6380000,0x00000000d6380000,0x00000000d6480000)
 ParOldGen       total 87040K, used 86889K [0x0000000080000000, 0x0000000085500000, 0x00000000d5580000)
  object space 87040K, 99% used [0x0000000080000000,0x00000000854da5a8,0x0000000085500000)
 Metaspace       used 68818K, committed 70272K, reserved 1114112K
  class space    used 8004K, committed 8640K, reserved 1048576K
}
Event: 49.912 GC heap after
{Heap after GC invocations=110 (full 3):
 PSYoungGen      total 15360K, used 448K [0x00000000d5580000, 0x00000000d6580000, 0x0000000100000000)
  eden space 14336K, 0% used [0x00000000d5580000,0x00000000d5580000,0x00000000d6380000)
  from space 1024K, 43% used [0x00000000d6380000,0x00000000d63f0000,0x00000000d6480000)
  to   space 1024K, 0% used [0x00000000d6480000,0x00000000d6480000,0x00000000d6580000)
 ParOldGen       total 87552K, used 87397K [0x0000000080000000, 0x0000000085580000, 0x00000000d5580000)
  object space 87552K, 99% used [0x0000000080000000,0x00000000855595f8,0x0000000085580000)
 Metaspace       used 68818K, committed 70272K, reserved 1114112K
  class space    used 8004K, committed 8640K, reserved 1048576K
}
Event: 51.523 GC heap before
{Heap before GC invocations=111 (full 3):
 PSYoungGen      total 15360K, used 14784K [0x00000000d5580000, 0x00000000d6580000, 0x0000000100000000)
  eden space 14336K, 100% used [0x00000000d5580000,0x00000000d6380000,0x00000000d6380000)
  from space 1024K, 43% used [0x00000000d6380000,0x00000000d63f0000,0x00000000d6480000)
  to   space 1024K, 0% used [0x00000000d6480000,0x00000000d6480000,0x00000000d6580000)
 ParOldGen       total 87552K, used 87397K [0x0000000080000000, 0x0000000085580000, 0x00000000d5580000)
  object space 87552K, 99% used [0x0000000080000000,0x00000000855595f8,0x0000000085580000)
 Metaspace       used 69518K, committed 70912K, reserved 1114112K
  class space    used 8083K, committed 8704K, reserved 1048576K
}
Event: 51.526 GC heap after
{Heap after GC invocations=111 (full 3):
 PSYoungGen      total 15360K, used 852K [0x00000000d5580000, 0x00000000d6580000, 0x0000000100000000)
  eden space 14336K, 0% used [0x00000000d5580000,0x00000000d5580000,0x00000000d6380000)
  from space 1024K, 83% used [0x00000000d6480000,0x00000000d6555200,0x00000000d6580000)
  to   space 1024K, 0% used [0x00000000d6380000,0x00000000d6380000,0x00000000d6480000)
 ParOldGen       total 88064K, used 87676K [0x0000000080000000, 0x0000000085600000, 0x00000000d5580000)
  object space 88064K, 99% used [0x0000000080000000,0x000000008559f2c0,0x0000000085600000)
 Metaspace       used 69518K, committed 70912K, reserved 1114112K
  class space    used 8083K, committed 8704K, reserved 1048576K
}
Event: 52.324 GC heap before
{Heap before GC invocations=112 (full 3):
 PSYoungGen      total 15360K, used 15188K [0x00000000d5580000, 0x00000000d6580000, 0x0000000100000000)
  eden space 14336K, 100% used [0x00000000d5580000,0x00000000d6380000,0x00000000d6380000)
  from space 1024K, 83% used [0x00000000d6480000,0x00000000d6555200,0x00000000d6580000)
  to   space 1024K, 0% used [0x00000000d6380000,0x00000000d6380000,0x00000000d6480000)
 ParOldGen       total 88064K, used 87676K [0x0000000080000000, 0x0000000085600000, 0x00000000d5580000)
  object space 88064K, 99% used [0x0000000080000000,0x000000008559f2c0,0x0000000085600000)
 Metaspace       used 70439K, committed 71872K, reserved 1114112K
  class space    used 8178K, committed 8832K, reserved 1048576K
}
Event: 52.335 GC heap after
{Heap after GC invocations=112 (full 3):
 PSYoungGen      total 15360K, used 1010K [0x00000000d5580000, 0x00000000d6780000, 0x0000000100000000)
  eden space 14336K, 0% used [0x00000000d5580000,0x00000000d5580000,0x00000000d6380000)
  from space 1024K, 98% used [0x00000000d6380000,0x00000000d647c980,0x00000000d6480000)
  to   space 2048K, 0% used [0x00000000d6580000,0x00000000d6580000,0x00000000d6780000)
 ParOldGen       total 88576K, used 88473K [0x0000000080000000, 0x0000000085680000, 0x00000000d5580000)
  object space 88576K, 99% used [0x0000000080000000,0x00000000856666b8,0x0000000085680000)
 Metaspace       used 70439K, committed 71872K, reserved 1114112K
  class space    used 8178K, committed 8832K, reserved 1048576K
}

